<?xml version="1.0" encoding="UTF-8"?>
<!-- Test cases for setting conditionals -->
<tei:TEI xmlns:tei="http://www.tei-c.org/ns/1.0"  
  xmlns:j="http://jewishliturgy.org/ns/jlptei/1.0"
  xmlns:debug="http://jewishliturgy.org/ns/debug/1.0"
  >
  <tei:teiHeader>
  </tei:teiHeader>
  <tei:fsdDecl>
    <tei:fsDecl type="TwoWaySwitch" xml:id="fsTwoWaySwitch">
      <tei:fDecl name="TheSwitch">
        <tei:vRange>
          <tei:vAlt>
            <tei:symbol value="YES"/>
            <tei:symbol value="NO"/>
          </tei:vAlt>
        </tei:vRange>
        <tei:vDefault>
          <tei:symbol value="NO"/>
        </tei:vDefault>
      </tei:fDecl>
    </tei:fsDecl>
    <tei:fsDecl type="ThreeWaySwitch" xml:id="fsThreeWaySwitch">
      <tei:fDecl name="TheSwitch">
        <tei:vRange>
          <tei:vAlt>
            <tei:symbol value="YES"/>
            <tei:symbol value="MAYBE"/>
            <tei:symbol value="NO"/>
          </tei:vAlt>
        </tei:vRange>
        <tei:vDefault>
          <tei:symbol value="MAYBE"/>
        </tei:vDefault>
      </tei:fDecl>
    </tei:fsDecl>
  </tei:fsdDecl>
  <j:conditionGrp>
    <tei:linkGrp type="set">
      <tei:link targets="#p1 #two-way-yes"/>
      <tei:link targets="#p2 #two-way-no"/>
      <tei:link targets="#p2s2 #two-way-yes"/>
      <tei:link targets="#p3 #two-way-yes"/>
      <tei:link targets="#p3 #three-way-maybe"/>
      <tei:link targets="#p3s2 #three-way-no"/>      
    </tei:linkGrp>
    <tei:fs xml:id="two-way-yes" type="TwoWaySwitch">
      <tei:f name="TheSwitch">
        <tei:symbol value="YES"/>
      </tei:f>
    </tei:fs>
    <tei:fs xml:id="two-way-no" type="TwoWaySwitch">
      <tei:f name="TheSwitch">
        <tei:symbol value="NO"/>
      </tei:f>
    </tei:fs>
    <tei:fs xml:id="three-way-yes" type="ThreeWaySwitch">
      <tei:f name="TheSwitch">
        <tei:symbol value="YES"/>
      </tei:f>
    </tei:fs>
    <tei:fs xml:id="three-way-no" type="ThreeWaySwitch">
      <tei:f name="TheSwitch">
        <tei:symbol value="NO"/>
      </tei:f>
    </tei:fs>
    <tei:fs xml:id="three-way-maybe" type="ThreeWaySwitch">
      <tei:f name="TheSwitch">
        <tei:symbol value="MAYBE"/>
      </tei:f>
    </tei:fs>
    
  </j:conditionGrp>
  <tei:text>
    <tei:body>
      <tei:div xml:id="div1">
        Division 1.  No settings.
        <!-- p1 tests single setting -->
        <tei:p xml:id="p1">Paragraph 1. Two Way is YES.
          <debug:get-feature type="TwoWaySwitch" name="TheSwitch"/>
        </tei:p>
        <!-- p2 tests setting override -->
        <tei:p xml:id="p2">
          Paragraph 1. Two-way is NO.
          <debug:get-feature type="TwoWaySwitch" name="TheSwitch"/>
          <tei:s xml:id="p2s1">Paragraph 2, sentence 1</tei:s>
          <tei:s xml:id="p2s2">Paragraph 2, sentence 2. Two-way override to YES.
            <debug:get-feature type="TwoWaySwitch" name="TheSwitch"/>
          </tei:s>
          <tei:s xml:id="p2s3">Paragraph 2, sentence 3</tei:s>
        </tei:p>
        <!-- p3 tests mulitple features -->
        <tei:p xml:id="p3">
          Paragraph 3.  Two way YES, Three way MAYBE.
          <debug:get-feature type="TwoWaySwitch" name="TheSwitch"/>
          <debug:get-feature type="ThreeWaySwitch" name="TheSwitch"/>
          <tei:s xml:id="p3s1">Paragraph 3, sentence 1</tei:s>
          <tei:s xml:id="p3s2">Paragraph 3, sentence 2; Two way YES.  Three way NO.
            <debug:get-feature type="TwoWaySwitch" name="TheSwitch"/>
            <debug:get-feature type="ThreeWaySwitch" name="TheSwitch"/>
          </tei:s>
          <tei:s xml:id="p3s3">Paragraph 3, sentence 3</tei:s>
        </tei:p>
        <!-- p4 tests multiple feature structures. -->
        <tei:p xml:id="p4">
          Paragraph 4.  No settings, defaults only:
          <debug:get-feature type="TwoWaySwitch" name="TheSwitch"/>
          <debug:get-feature type="ThreeWaySwitch" name="TheSwitch"/>
          <debug:get-feature type="ThreeWaySwitch" name="FeatureDoesntExist"/>
          <debug:get-feature type="FsDoesntExist" name="FeatureDoesntExist"/>
        </tei:p>
      </tei:div>
    </tei:body>
  </tei:text>  
</tei:TEI>
